TN:
SF:src\services\burgerConstructorSlice\burgerConstructorSlice.ts
FN:20,reducer
FN:27,prepare
FN:31,removeFromConstructor
FN:34,reorderConstructor
FN:42,resetConstructor
FN:46,constructorSelector
FNF:6
FNH:5
FNDA:8,reducer
FNDA:8,prepare
FNDA:1,removeFromConstructor
FNDA:1,reorderConstructor
FNDA:1,resetConstructor
FNDA:0,constructorSelector
DA:1,1
DA:2,1
DA:3,1
DA:4,1
DA:5,1
DA:6,1
DA:7,1
DA:8,1
DA:9,1
DA:10,1
DA:11,1
DA:12,1
DA:13,1
DA:14,1
DA:15,1
DA:16,1
DA:17,1
DA:18,1
DA:19,1
DA:20,1
DA:21,8
DA:22,2
DA:23,8
DA:24,6
DA:25,6
DA:26,1
DA:27,1
DA:28,1
DA:29,1
DA:30,1
DA:31,1
DA:32,1
DA:33,1
DA:34,1
DA:35,1
DA:36,1
DA:37,1
DA:38,1
DA:39,1
DA:40,1
DA:41,1
DA:42,1
DA:43,1
DA:44,1
DA:45,1
DA:46,1
DA:47,0
DA:48,1
DA:49,1
DA:50,1
DA:51,1
DA:52,1
DA:53,1
DA:54,1
DA:55,1
DA:56,1
LF:56
LH:55
BRDA:20,0,0,8
BRDA:21,1,0,2
BRDA:23,2,0,6
BRDA:27,3,0,8
BRDA:31,4,0,1
BRDA:34,5,0,1
BRDA:42,6,0,1
BRF:7
BRH:7
end_of_record
